store	SVC.Master.Service.replicator.ProcessAvail	0	1776959656
store	SVC.Master.Service.replicator.ProcessCount	0	1776959656
store	SVC.Master.Service.aggregator.ProcessAvail	0	1776959656
store	SVC.Master.Service.aggregator.ProcessCount	0	1776959656
store	SVC.Master.Service.pop3.ProcessAvail	1	1776959656
store	SVC.Master.Service.pop3.ProcessCount	1	1776959656
store	SVC.Master.Service.pop3-login.ProcessAvail	1	1776959656
store	SVC.Master.Service.pop3-login.ProcessCount	1	1776959656
store	SVC.Master.Service.old-stats.ProcessAvail	0	1776959656
store	SVC.Master.Service.old-stats.ProcessCount	0	1776959656
store	SVC.Master.Service.log.ProcessAvail	1	1776959656
store	SVC.Master.Service.log.ProcessCount	1	1776959656
store	SVC.Master.Service.lmtp.ProcessAvail	1	1776959656
store	SVC.Master.Service.lmtp.ProcessCount	1	1776959656
store	SVC.Master.Service.ipc.ProcessAvail	0	1776959656
store	SVC.Master.Service.ipc.ProcessCount	0	1776959656
store	SVC.Master.Service.indexer-worker.ProcessAvail	0	1776959656
store	SVC.Master.Service.indexer-worker.ProcessCount	0	1776959656
store	SVC.Master.Service.indexer.ProcessAvail	0	1776959656
store	SVC.Master.Service.indexer.ProcessCount	0	1776959656
store	SVC.Master.Service.imap.ProcessAvail	1	1776959656
store	SVC.Master.Service.imap.ProcessCount	1	1776959656
store	SVC.Master.Service.imap-urlauth-worker.ProcessAvail	0	1776959656
store	SVC.Master.Service.imap-urlauth-worker.ProcessCount	0	1776959656
store	SVC.Master.Service.imap-urlauth.ProcessAvail	0	1776959656
store	SVC.Master.Service.imap-urlauth.ProcessCount	0	1776959656
store	SVC.Master.Service.imap-urlauth-login.ProcessAvail	0	1776959656
store	SVC.Master.Service.imap-urlauth-login.ProcessCount	0	1776959656
store	SVC.Master.Service.imap-login.ProcessAvail	1	1776959656
store	SVC.Master.Service.imap-login.ProcessCount	1	1776959656
store	SVC.Master.Service.imap-hibernate.ProcessAvail	0	1776959656
store	SVC.Master.Service.imap-hibernate.ProcessCount	0	1776959656
store	SVC.Master.Service.dns-client.ProcessAvail	0	1776959656
store	SVC.Master.Service.dns-client.ProcessCount	0	1776959656
